Warning: ignoring unsupported tag `ALLOW_UNICODE_NAMES    =' at line 79, file /home/travis/build/ob-algdati-ws17/blatt-7-aufgabe-1-goteam/Doxyfile
Warning: ignoring unsupported tag `GROUP_NESTED_COMPOUNDS =' at line 351, file /home/travis/build/ob-algdati-ws17/blatt-7-aufgabe-1-goteam/Doxyfile
Warning: ignoring unsupported tag `HIDE_COMPOUND_REFERENCE=' at line 522, file /home/travis/build/ob-algdati-ws17/blatt-7-aufgabe-1-goteam/Doxyfile
Warning: ignoring unsupported tag `WARN_AS_ERROR          =' at line 746, file /home/travis/build/ob-algdati-ws17/blatt-7-aufgabe-1-goteam/Doxyfile
Warning: Tag `CLANG_ASSISTED_PARSING' at line 1020 of file /home/travis/build/ob-algdati-ws17/blatt-7-aufgabe-1-goteam/Doxyfile belongs to an option that was not enabled at compile time.
To avoid this warning please remove this line from your configuration file, upgrade it using "doxygen -u", or recompile doxygen with this feature enabled.
Warning: Tag `CLANG_OPTIONS' at line 1028 of file /home/travis/build/ob-algdati-ws17/blatt-7-aufgabe-1-goteam/Doxyfile belongs to an option that was not enabled at compile time.
To avoid this warning please remove this line from your configuration file, upgrade it using "doxygen -u", or recompile doxygen with this feature enabled.
Warning: ignoring unsupported tag `LATEX_EXTRA_STYLESHEET =' at line 1700, file /home/travis/build/ob-algdati-ws17/blatt-7-aufgabe-1-goteam/Doxyfile
Warning: ignoring unsupported tag `LATEX_TIMESTAMP        =' at line 1767, file /home/travis/build/ob-algdati-ws17/blatt-7-aufgabe-1-goteam/Doxyfile
Warning: ignoring unsupported tag `RTF_SOURCE_CODE        =' at line 1833, file /home/travis/build/ob-algdati-ws17/blatt-7-aufgabe-1-goteam/Doxyfile
Warning: ignoring unsupported tag `MAN_SUBDIR             =' at line 1868, file /home/travis/build/ob-algdati-ws17/blatt-7-aufgabe-1-goteam/Doxyfile
Warning: ignoring unsupported tag `DOCBOOK_PROGRAMLISTING =' at line 1931, file /home/travis/build/ob-algdati-ws17/blatt-7-aufgabe-1-goteam/Doxyfile
Warning: ignoring unsupported tag `PLANTUML_JAR_PATH      =' at line 2362, file /home/travis/build/ob-algdati-ws17/blatt-7-aufgabe-1-goteam/Doxyfile
Warning: ignoring unsupported tag `PLANTUML_INCLUDE_PATH  =' at line 2367, file /home/travis/build/ob-algdati-ws17/blatt-7-aufgabe-1-goteam/Doxyfile
Searching for include files...
Searching for example files...
Searching for images...
Searching for dot files...
Searching for msc files...
Searching for dia files...
Searching for files to exclude
Searching for files to process...
Searching for files in directory /home/travis/build/ob-algdati-ws17/blatt-7-aufgabe-1-goteam/avltree
Reading and parsing tag files
Parsing files
Preprocessing /home/travis/build/ob-algdati-ws17/blatt-7-aufgabe-1-goteam/avltree/AvlTree.cpp...
Parsing file /home/travis/build/ob-algdati-ws17/blatt-7-aufgabe-1-goteam/avltree/AvlTree.cpp...
Preprocessing /home/travis/build/ob-algdati-ws17/blatt-7-aufgabe-1-goteam/avltree/AvlTree.h...
Parsing file /home/travis/build/ob-algdati-ws17/blatt-7-aufgabe-1-goteam/avltree/AvlTree.h...
Building group list...
Building directory list...
Building namespace list...
Building file list...
Building class list...
Associating documentation with classes...
Computing nesting relations for classes...
Building example list...
Searching for enumerations...
Searching for documented typedefs...
Searching for members imported via using declarations...
Searching for included using directives...
Searching for documented variables...
Building interface member list...
Building member list...
Searching for friends...
Searching for documented defines...
Computing class inheritance relations...
Computing class usage relations...
Flushing cached template relations that have become invalid...
Creating members for template instances...
Computing class relations...
Add enum values to enums...
Searching for member function documentation...
Building page list...
Search for main page...
Computing page relations...
Determining the scope of groups...
Sorting lists...
Freeing entry tree
Determining which enums are documented
Computing member relations...
Building full member lists recursively...
Adding members to member groups.
Computing member references...
Inheriting documentation...
Generating disk names...
Adding source references...
Adding xrefitems...
Sorting member lists...
Computing dependencies between directories...
Generating citations page...
Counting data structures...
Resolving user defined references...
Finding anchors and sections in the documentation...
Transferring function references...
Combining using relations...
Adding members to index pages...
Generating style sheet...
Generating search indices...
Generating example documentation...
Generating file sources...
Generating code for file /home/travis/build/ob-algdati-ws17/blatt-7-aufgabe-1-goteam/avltree/AvlTree.h...
Generating file documentation...
Generating docs for file /home/travis/build/ob-algdati-ws17/blatt-7-aufgabe-1-goteam/avltree/AvlTree.cpp...
Generating docs for file /home/travis/build/ob-algdati-ws17/blatt-7-aufgabe-1-goteam/avltree/AvlTree.h...
Generating page documentation...
Generating group documentation...
Generating class documentation...
Generating docs for compound AvlTree...
Generating docs for nested compound AvlTree::cpp...
Generating namespace index...
Generating graph info page...
Generating directory documentation...
Generating dependency graph for directory /home/travis/build/ob-algdati-ws17/blatt-7-aufgabe-1-goteam/avltree
Generating index page...
Generating page index...
Generating module index...
Generating namespace index...
Generating namespace member index...
Generating annotated compound index...
Generating alphabetical compound index...
Generating hierarchical class index...
Generating graphical class hierarchy...
Generating member index...
Generating file index...
Generating file member index...
Generating example index...
finalizing index lists...
Running dot...
Generating dot graphs using 7 parallel threads...
Running dot for graph 1/4
Running dot for graph 2/4
Running dot for graph 3/4
Running dot for graph 4/4
Patching output file 1/3
Patching output file 2/3
Patching output file 3/3
lookup cache used 36/65536 hits=286 misses=38
finished...
